

*******************************************************************************
Wed Jun 25 15:11:51 2014


FIT:    data read from 'Viskositaet.txt' u ($2+11.65):1:3
        format = x:z:s
        #datapoints = 12
function used for fitting: f3(x)
fitted parameters initialized with current variable values



*******************************************************************************
Wed Jun 25 15:12:16 2014


FIT:    data read from 'Viskositaet.txt' u ($2+11.65):1:3
        format = x:z:s
        #datapoints = 12
function used for fitting: f3(x)
fitted parameters initialized with current variable values



 Iteration 0
 WSSR        : 1.30147e+122      delta(WSSR)/WSSR   : 0
 delta(WSSR) : 0                 limit for stopping : 1e-05
 lambda	  : 3.47218e+62

initial set of free parameter values

a               = 1
b               = 1

The maximum lambda = 1.000000e+20 was exceeded. Fit stopped.
final sum of squares of residuals : 2.17364e+121
rel. change during last iteration : -4.9875

degrees of freedom    (FIT_NDF)                        : 10
rms of residuals      (FIT_STDFIT) = sqrt(WSSR/ndf)    : 1.47433e+60
variance of residuals (reduced chisquare) = WSSR/ndf   : 2.17364e+120

Final set of parameters            Asymptotic Standard Error
=======================            ==========================

a               = 0.999957         +/- 1.112e+07    (1.112e+09%)
b               = 0.993562         +/- 7.459e+04    (7.507e+06%)


correlation matrix of the fit parameters:

               a      b      
a               1.000 
b              -1.000  1.000 


*******************************************************************************
Wed Jun 25 15:13:34 2014


FIT:    data read from 'Viskositaet.txt' u ($2+11.65):1:3
        format = x:z:s
        #datapoints = 12
function used for fitting: f3(x)
fitted parameters initialized with current variable values



 Iteration 0
 WSSR        : 591039            delta(WSSR)/WSSR   : 0
 delta(WSSR) : 0                 limit for stopping : 1e-05
 lambda	  : 2.77447

initial set of free parameter values

a               = 1
b               = -100

After 3 iterations the fit converged.
final sum of squares of residuals : 535150
rel. change during last iteration : -7.74297e-11

degrees of freedom    (FIT_NDF)                        : 10
rms of residuals      (FIT_STDFIT) = sqrt(WSSR/ndf)    : 231.333
variance of residuals (reduced chisquare) = WSSR/ndf   : 53515

BREAK:          Singular matrix in Invert_RtR



*******************************************************************************
Wed Jun 25 15:20:55 2014


FIT:    data read from 'Viskositaet.txt' u ($2+11.65):(log($1))
        format = x:z
        #datapoints = 12
        residuals are weighted equally (unit weight)

function used for fitting: f3(x)
fitted parameters initialized with current variable values



 Iteration 0
 WSSR        : 72977.2           delta(WSSR)/WSSR   : 0
 delta(WSSR) : 0                 limit for stopping : 1e-05
 lambda	  : 56.7806

initial set of free parameter values

a               = 1
b               = 1

After 6 iterations the fit converged.
final sum of squares of residuals : 0.000364209
rel. change during last iteration : -5.8942e-14

degrees of freedom    (FIT_NDF)                        : 10
rms of residuals      (FIT_STDFIT) = sqrt(WSSR/ndf)    : 0.00603497
variance of residuals (reduced chisquare) = WSSR/ndf   : 3.64209e-05

Final set of parameters            Asymptotic Standard Error
=======================            ==========================

a               = -0.00182347      +/- 4.088e-05    (2.242%)
b               = 3.91656          +/- 0.003283     (0.08381%)


correlation matrix of the fit parameters:

               a      b      
a               1.000 
b              -0.848  1.000 


*******************************************************************************
Wed Jun 25 15:21:27 2014


FIT:    data read from 'Viskositaet.txt' u ($2+11.65):(log($1)):3
        format = x:z:s
        #datapoints = 12
function used for fitting: f3(x)


*******************************************************************************
Wed Jun 25 15:21:42 2014


FIT:    data read from 'Viskositaet.txt' u ($2+11.65):(log($1)):3
        format = x:z:s
        #datapoints = 12
function used for fitting: f3(x)
fitted parameters initialized with current variable values



 Iteration 0
 WSSR        : 1.82443e+06       delta(WSSR)/WSSR   : 0
 delta(WSSR) : 0                 limit for stopping : 1e-05
 lambda	  : 283.903

initial set of free parameter values

a               = 1
b               = 1

After 6 iterations the fit converged.
final sum of squares of residuals : 0.00910523
rel. change during last iteration : -4.13427e-14

degrees of freedom    (FIT_NDF)                        : 10
rms of residuals      (FIT_STDFIT) = sqrt(WSSR/ndf)    : 0.0301749
variance of residuals (reduced chisquare) = WSSR/ndf   : 0.000910523

Final set of parameters            Asymptotic Standard Error
=======================            ==========================

a               = -0.00182347      +/- 4.088e-05    (2.242%)
b               = 3.91656          +/- 0.003283     (0.08381%)


correlation matrix of the fit parameters:

               a      b      
a               1.000 
b              -0.848  1.000 


*******************************************************************************
Wed Jun 25 15:22:43 2014


FIT:    data read from 'Viskositaet.txt' u ($2+11.65):(log($1))
        format = x:z
        #datapoints = 12
        residuals are weighted equally (unit weight)

function used for fitting: f3(x)
fitted parameters initialized with current variable values



 Iteration 0
 WSSR        : 72977.2           delta(WSSR)/WSSR   : 0
 delta(WSSR) : 0                 limit for stopping : 1e-05
 lambda	  : 56.7806

initial set of free parameter values

a               = 1
b               = 1

After 6 iterations the fit converged.
final sum of squares of residuals : 0.000364209
rel. change during last iteration : -5.8942e-14

degrees of freedom    (FIT_NDF)                        : 10
rms of residuals      (FIT_STDFIT) = sqrt(WSSR/ndf)    : 0.00603497
variance of residuals (reduced chisquare) = WSSR/ndf   : 3.64209e-05

Final set of parameters            Asymptotic Standard Error
=======================            ==========================

a               = -0.00182347      +/- 4.088e-05    (2.242%)
b               = 3.91656          +/- 0.003283     (0.08381%)


correlation matrix of the fit parameters:

               a      b      
a               1.000 
b              -0.848  1.000 


*******************************************************************************
Wed Jun 25 15:27:05 2014


FIT:    data read from 'Viskositaet.txt' u ($2+11.65):(log($1))
        format = x:z
        x range restricted to [0.00000 : *]
        #datapoints = 11
        residuals are weighted equally (unit weight)

function used for fitting: f3(x)
fitted parameters initialized with current variable values



 Iteration 0
 WSSR        : 72968.7           delta(WSSR)/WSSR   : 0
 delta(WSSR) : 0                 limit for stopping : 1e-05
 lambda	  : 59.305

initial set of free parameter values

a               = 1
b               = 1

After 6 iterations the fit converged.
final sum of squares of residuals : 0.000334791
rel. change during last iteration : -4.0432e-13

degrees of freedom    (FIT_NDF)                        : 9
rms of residuals      (FIT_STDFIT) = sqrt(WSSR/ndf)    : 0.0060991
variance of residuals (reduced chisquare) = WSSR/ndf   : 3.7199e-05

Final set of parameters            Asymptotic Standard Error
=======================            ==========================

a               = -0.00184366      +/- 4.714e-05    (2.557%)
b               = 3.91847          +/- 0.003954     (0.1009%)


correlation matrix of the fit parameters:

               a      b      
a               1.000 
b              -0.885  1.000 


*******************************************************************************
Thu Jun 26 23:23:18 2014


FIT:    data read from 'Viskositaet.txt' u ($2+11.65):(log($1))
        format = x:z
        x range restricted to [0.00000 : *]
        #datapoints = 11
        residuals are weighted equally (unit weight)

function used for fitting: f3(x)
fitted parameters initialized with current variable values



 Iteration 0
 WSSR        : 72968.7           delta(WSSR)/WSSR   : 0
 delta(WSSR) : 0                 limit for stopping : 1e-05
 lambda	  : 59.305

initial set of free parameter values

a               = 1
b               = 1

After 6 iterations the fit converged.
final sum of squares of residuals : 0.000334791
rel. change during last iteration : -4.0432e-13

degrees of freedom    (FIT_NDF)                        : 9
rms of residuals      (FIT_STDFIT) = sqrt(WSSR/ndf)    : 0.0060991
variance of residuals (reduced chisquare) = WSSR/ndf   : 3.7199e-05

Final set of parameters            Asymptotic Standard Error
=======================            ==========================

a               = -0.00184366      +/- 4.714e-05    (2.557%)
b               = 3.91847          +/- 0.003954     (0.1009%)


correlation matrix of the fit parameters:

               a      b      
a               1.000 
b              -0.885  1.000 


*******************************************************************************
Thu Jun 26 23:24:56 2014


FIT:    data read from 'Viskositaet.txt' u ($2+11.65):(log($1))
        format = x:z
        x range restricted to [0.00000 : *]
        #datapoints = 11
        residuals are weighted equally (unit weight)

function used for fitting: f3(x)
fitted parameters initialized with current variable values



 Iteration 0
 WSSR        : 80441.7           delta(WSSR)/WSSR   : 0
 delta(WSSR) : 0                 limit for stopping : 1e-05
 lambda	  : 59.305

initial set of free parameter values

a               = 1
b               = 1

After 6 iterations the fit converged.
final sum of squares of residuals : 0.000334791
rel. change during last iteration : -1.40225e-13

degrees of freedom    (FIT_NDF)                        : 9
rms of residuals      (FIT_STDFIT) = sqrt(WSSR/ndf)    : 0.0060991
variance of residuals (reduced chisquare) = WSSR/ndf   : 3.7199e-05

Final set of parameters            Asymptotic Standard Error
=======================            ==========================

a               = -0.00184366      +/- 4.714e-05    (2.557%)
b               = -0.686702        +/- 0.003954     (0.5757%)


correlation matrix of the fit parameters:

               a      b      
a               1.000 
b              -0.885  1.000 


*******************************************************************************
Thu Jun 26 23:25:24 2014


FIT:    data read from 'Viskositaet.txt' u ($2+11.65):(log($1))
        format = x:z
        x range restricted to [0.00000 : *]
        #datapoints = 11
        residuals are weighted equally (unit weight)

function used for fitting: f3(x)
fitted parameters initialized with current variable values



 Iteration 0
 WSSR        : 80441.7           delta(WSSR)/WSSR   : 0
 delta(WSSR) : 0                 limit for stopping : 1e-05
 lambda	  : 59.305

initial set of free parameter values

a               = 1
b               = 1

After 6 iterations the fit converged.
final sum of squares of residuals : 0.000334791
rel. change during last iteration : -1.40225e-13

degrees of freedom    (FIT_NDF)                        : 9
rms of residuals      (FIT_STDFIT) = sqrt(WSSR/ndf)    : 0.0060991
variance of residuals (reduced chisquare) = WSSR/ndf   : 3.7199e-05

Final set of parameters            Asymptotic Standard Error
=======================            ==========================

a               = -0.00184366      +/- 4.714e-05    (2.557%)
b               = -0.686702        +/- 0.003954     (0.5757%)


correlation matrix of the fit parameters:

               a      b      
a               1.000 
b              -0.885  1.000 
